---- Request from IP: ::1 @ 2025-06-17 23:15:01 ----
Host: localhost
Connection: keep-alive
Cache-Control: max-age=0
sec-ch-ua: "Google Chrome";v="137", "Chromium";v="137", "Not/A)Brand";v="24"
sec-ch-ua-mobile: ?0
sec-ch-ua-platform: "Windows"
Upgrade-Insecure-Requests: 1
User-Agent: Mozilla/5.0 (Windows NT 10.0; Win64; x64) AppleWebKit/537.36 (KHTML, like Gecko) Chrome/137.0.0.0 Safari/537.36
Accept: text/html,application/xhtml+xml,application/xml;q=0.9,image/avif,image/webp,image/apng,*/*;q=0.8,application/signed-exchange;v=b3;q=0.7
Sec-Fetch-Site: none
Sec-Fetch-Mode: navigate
Sec-Fetch-User: ?1
Sec-Fetch-Dest: document
Accept-Encoding: gzip, deflate, br, zstd
Accept-Language: en-US,en;q=0.9
-------------------------------------------
---- Request from IP: ::1 @ 2025-06-17 23:15:04 ----
Host: localhost
Connection: keep-alive
Cache-Control: max-age=0
sec-ch-ua: "Google Chrome";v="137", "Chromium";v="137", "Not/A)Brand";v="24"
sec-ch-ua-mobile: ?0
sec-ch-ua-platform: "Windows"
Upgrade-Insecure-Requests: 1
User-Agent: Mozilla/5.0 (Windows NT 10.0; Win64; x64) AppleWebKit/537.36 (KHTML, like Gecko) Chrome/137.0.0.0 Safari/537.36
Accept: text/html,application/xhtml+xml,application/xml;q=0.9,image/avif,image/webp,image/apng,*/*;q=0.8,application/signed-exchange;v=b3;q=0.7
Sec-Fetch-Site: none
Sec-Fetch-Mode: navigate
Sec-Fetch-User: ?1
Sec-Fetch-Dest: document
Accept-Encoding: gzip, deflate, br, zstd
Accept-Language: en-US,en;q=0.9
-------------------------------------------
---- Request from IP: ::1 @ 2025-06-17 23:15:07 ----
User-Agent: PostmanRuntime/7.44.0
Accept: */*
Postman-Token: 1a6466f6-be23-4a23-8912-913d54c7d33e
Host: localhost
Accept-Encoding: gzip, deflate, br
Connection: keep-alive
Content-Type: application/x-www-form-urlencoded
Content-Length: 68
-------------------------------------------
---- Request from IP: ::1 @ 2025-06-17 23:15:25 ----
User-Agent: PostmanRuntime/7.44.0
Accept: */*
Postman-Token: 3cf0ea68-b5e7-4667-9900-f234caac37e2
Host: localhost
Accept-Encoding: gzip, deflate, br
Connection: keep-alive
Content-Type: application/x-www-form-urlencoded
Content-Length: 68
-------------------------------------------
---- Request from IP: ::1 @ 2025-06-17 23:15:56 ----
User-Agent: PostmanRuntime/7.44.0
Accept: */*
Postman-Token: ea22ba3d-0206-4d16-a5ce-ed65963b74ac
Host: localhost
Accept-Encoding: gzip, deflate, br
Connection: keep-alive
Content-Type: application/x-www-form-urlencoded
Content-Length: 69
-------------------------------------------
---- Request from IP: ::1 @ 2025-06-17 23:20:10 ----
User-Agent: PostmanRuntime/7.44.0
Accept: */*
Postman-Token: 3bf1c386-168b-420f-bbdd-fa03da38aca3
Host: localhost
Accept-Encoding: gzip, deflate, br
Connection: keep-alive
Content-Type: application/x-www-form-urlencoded
Content-Length: 69
-------------------------------------------
---- Request from IP: ::1 @ 2025-06-17 23:20:13 ----
User-Agent: PostmanRuntime/7.44.0
Accept: */*
Postman-Token: d9ae8aeb-b773-4e45-bb42-5b4a01f20e26
Host: localhost
Accept-Encoding: gzip, deflate, br
Connection: keep-alive
Content-Type: application/x-www-form-urlencoded
Content-Length: 69
-------------------------------------------
---- Request from IP: ::1 @ 2025-06-17 23:20:14 ----
User-Agent: PostmanRuntime/7.44.0
Accept: */*
Postman-Token: 504df507-08a4-4c8c-b50a-e977490b53df
Host: localhost
Accept-Encoding: gzip, deflate, br
Connection: keep-alive
Content-Type: application/x-www-form-urlencoded
Content-Length: 69
-------------------------------------------
---- Request from IP: 192.168.194.237 @ 2025-06-17 23:24:36 ----
Content-Length: 70
Content-Type: application/x-www-form-urlencoded
User-Agent: Dalvik/2.1.0 (Linux; U; Android 9; ASUS_Z01QD Build/PPR1.180720.122)
Host: 192.168.194.237
Connection: Keep-Alive
Accept-Encoding: gzip
-------------------------------------------
---- Request from IP: 192.168.194.237 @ 2025-06-18 15:37:48 ----
Content-Length: 70
Content-Type: application/x-www-form-urlencoded
User-Agent: Dalvik/2.1.0 (Linux; U; Android 9; ASUS_Z01QD Build/PPR1.180720.122)
Host: 192.168.194.237
Connection: Keep-Alive
Accept-Encoding: gzip
-------------------------------------------
---- Request from IP: 192.168.194.237 @ 2025-06-18 15:39:24 ----
Content-Length: 70
Content-Type: application/x-www-form-urlencoded
User-Agent: Dalvik/2.1.0 (Linux; U; Android 9; ASUS_Z01QD Build/PPR1.180720.122)
Host: 192.168.194.237
Connection: Keep-Alive
Accept-Encoding: gzip
-------------------------------------------
---- Request from IP: 192.168.194.237 @ 2025-06-18 21:03:39 ----
Content-Length: 70
Content-Type: application/x-www-form-urlencoded
User-Agent: Dalvik/2.1.0 (Linux; U; Android 9; ASUS_Z01QD Build/PPR1.180720.122)
Host: 192.168.194.237
Connection: Keep-Alive
Accept-Encoding: gzip
-------------------------------------------
---- IP: ::1 @ 2025-06-20 16:40:16 ----
User-Agent: PostmanRuntime/7.44.1
Accept: */*
Postman-Token: eba18fa4-521a-4d9a-9c83-b8c2e46fae6b
Host: localhost
Accept-Encoding: gzip, deflate, br
Connection: keep-alive
Content-Type: application/x-www-form-urlencoded
Content-Length: 64
---------------------------
---- IP: ::1 @ 2025-06-20 16:40:29 ----
User-Agent: PostmanRuntime/7.44.1
Accept: */*
Postman-Token: ad3d050b-fc7a-4eb0-b5a2-63af55034508
Host: localhost
Accept-Encoding: gzip, deflate, br
Connection: keep-alive
Content-Type: application/x-www-form-urlencoded
Content-Length: 64
---------------------------
---- IP: ::1 @ 2025-06-20 16:40:52 ----
User-Agent: PostmanRuntime/7.44.1
Accept: */*
Postman-Token: 33485772-3883-468e-91e9-1a90755d2aa9
Host: localhost
Accept-Encoding: gzip, deflate, br
Connection: keep-alive
Content-Type: application/x-www-form-urlencoded
Content-Length: 65
---------------------------
---- IP: ::1 @ 2025-06-20 16:42:31 ----
User-Agent: PostmanRuntime/7.44.1
Accept: */*
Postman-Token: f721d7ae-480b-47d2-8251-604ae895e352
Host: localhost
Accept-Encoding: gzip, deflate, br
Connection: keep-alive
Content-Type: application/x-www-form-urlencoded
Content-Length: 65
---------------------------
---- IP: ::1 @ 2025-06-20 16:56:19 ----
Host: localhost
User-Agent: curl/8.12.1
Accept: */*
Content-Length: 75
Content-Type: application/x-www-form-urlencoded
---------------------------
---- IP: ::1 @ 2025-06-20 16:56:19 ----
Host: localhost
User-Agent: curl/8.12.1
Accept: */*
Content-Length: 75
Content-Type: application/x-www-form-urlencoded
---------------------------
---- IP: ::1 @ 2025-06-20 16:56:19 ----
Host: localhost
User-Agent: curl/8.12.1
Accept: */*
Content-Length: 75
Content-Type: application/x-www-form-urlencoded
---------------------------
---- IP: ::1 @ 2025-06-20 16:56:19 ----
Host: localhost
User-Agent: curl/8.12.1
Accept: */*
Content-Length: 75
Content-Type: application/x-www-form-urlencoded
---------------------------
---- IP: ::1 @ 2025-06-20 16:56:19 ----
Host: localhost
User-Agent: curl/8.12.1
Accept: */*
Content-Length: 75
Content-Type: application/x-www-form-urlencoded
---------------------------
---- IP: ::1 @ 2025-06-20 16:56:19 ----
Host: localhost
User-Agent: curl/8.12.1
Accept: */*
Content-Length: 75
Content-Type: application/x-www-form-urlencoded
---------------------------
---- IP: ::1 @ 2025-06-20 16:56:19 ----
Host: localhost
User-Agent: curl/8.12.1
Accept: */*
Content-Length: 75
Content-Type: application/x-www-form-urlencoded
---------------------------
---- IP: ::1 @ 2025-06-20 16:56:19 ----
Host: localhost
User-Agent: curl/8.12.1
Accept: */*
Content-Length: 75
Content-Type: application/x-www-form-urlencoded
---------------------------
---- IP: ::1 @ 2025-06-20 16:56:19 ----
Host: localhost
User-Agent: curl/8.12.1
Accept: */*
Content-Length: 74
Content-Type: application/x-www-form-urlencoded
---------------------------
---- IP: ::1 @ 2025-06-20 16:56:19 ----
Host: localhost
User-Agent: curl/8.12.1
Accept: */*
Content-Length: 75
Content-Type: application/x-www-form-urlencoded
---------------------------
---- IP: ::1 @ 2025-06-20 16:56:19 ----
Host: localhost
User-Agent: curl/8.12.1
Accept: */*
Content-Length: 74
Content-Type: application/x-www-form-urlencoded
---------------------------
---- IP: ::1 @ 2025-06-20 16:56:19 ----
Host: localhost
User-Agent: curl/8.12.1
Accept: */*
Content-Length: 73
Content-Type: application/x-www-form-urlencoded
---------------------------
---- IP: ::1 @ 2025-06-20 16:56:19 ----
Host: localhost
User-Agent: curl/8.12.1
Accept: */*
Content-Length: 74
Content-Type: application/x-www-form-urlencoded
---------------------------
---- IP: ::1 @ 2025-06-20 16:56:19 ----
Host: localhost
User-Agent: curl/8.12.1
Accept: */*
Content-Length: 75
Content-Type: application/x-www-form-urlencoded
---------------------------
---- IP: ::1 @ 2025-06-20 16:56:19 ----
Host: localhost
User-Agent: curl/8.12.1
Accept: */*
Content-Length: 75
Content-Type: application/x-www-form-urlencoded
---------------------------
---- IP: ::1 @ 2025-06-20 16:56:19 ----
Host: localhost
User-Agent: curl/8.12.1
Accept: */*
Content-Length: 74
Content-Type: application/x-www-form-urlencoded
---------------------------
---- IP: ::1 @ 2025-06-20 16:56:19 ----
Host: localhost
User-Agent: curl/8.12.1
Accept: */*
Content-Length: 74
Content-Type: application/x-www-form-urlencoded
---------------------------
---- IP: ::1 @ 2025-06-20 16:56:19 ----
Host: localhost
User-Agent: curl/8.12.1
Accept: */*
Content-Length: 75
Content-Type: application/x-www-form-urlencoded
---------------------------
---- IP: ::1 @ 2025-06-20 16:56:19 ----
Host: localhost
User-Agent: curl/8.12.1
Accept: */*
Content-Length: 75
Content-Type: application/x-www-form-urlencoded
---------------------------
---- IP: ::1 @ 2025-06-20 16:56:19 ----
Host: localhost
User-Agent: curl/8.12.1
Accept: */*
Content-Length: 75
Content-Type: application/x-www-form-urlencoded
---------------------------
---- IP: ::1 @ 2025-06-20 16:56:19 ----
Host: localhost
User-Agent: curl/8.12.1
Accept: */*
Content-Length: 75
Content-Type: application/x-www-form-urlencoded
---------------------------
---- IP: ::1 @ 2025-06-20 16:56:19 ----
Host: localhost
User-Agent: curl/8.12.1
Accept: */*
Content-Length: 74
Content-Type: application/x-www-form-urlencoded
---------------------------
---- IP: ::1 @ 2025-06-20 16:56:19 ----
Host: localhost
User-Agent: curl/8.12.1
Accept: */*
Content-Length: 74
Content-Type: application/x-www-form-urlencoded
---------------------------
---- IP: ::1 @ 2025-06-20 16:56:19 ----
Host: localhost
User-Agent: curl/8.12.1
Accept: */*
Content-Length: 74
Content-Type: application/x-www-form-urlencoded
---------------------------
---- IP: ::1 @ 2025-06-20 16:56:19 ----
Host: localhost
User-Agent: curl/8.12.1
Accept: */*
Content-Length: 75
Content-Type: application/x-www-form-urlencoded
---------------------------
---- IP: ::1 @ 2025-06-20 16:56:19 ----
Host: localhost
User-Agent: curl/8.12.1
Accept: */*
Content-Length: 74
Content-Type: application/x-www-form-urlencoded
---------------------------
---- IP: ::1 @ 2025-06-20 16:56:19 ----
Host: localhost
User-Agent: curl/8.12.1
Accept: */*
Content-Length: 75
Content-Type: application/x-www-form-urlencoded
---------------------------
---- IP: ::1 @ 2025-06-20 16:56:19 ----
Host: localhost
User-Agent: curl/8.12.1
Accept: */*
Content-Length: 74
Content-Type: application/x-www-form-urlencoded
---------------------------
---- IP: ::1 @ 2025-06-20 16:56:19 ----
Host: localhost
User-Agent: curl/8.12.1
Accept: */*
Content-Length: 75
Content-Type: application/x-www-form-urlencoded
---------------------------
---- IP: ::1 @ 2025-06-20 16:56:19 ----
Host: localhost
User-Agent: curl/8.12.1
Accept: */*
Content-Length: 75
Content-Type: application/x-www-form-urlencoded
---------------------------
---- IP: ::1 @ 2025-06-20 16:56:19 ----
Host: localhost
User-Agent: curl/8.12.1
Accept: */*
Content-Length: 74
Content-Type: application/x-www-form-urlencoded
---------------------------
---- IP: ::1 @ 2025-06-20 16:56:19 ----
Host: localhost
User-Agent: curl/8.12.1
Accept: */*
Content-Length: 75
Content-Type: application/x-www-form-urlencoded
---------------------------
---- IP: ::1 @ 2025-06-20 16:56:19 ----
Host: localhost
User-Agent: curl/8.12.1
Accept: */*
Content-Length: 74
Content-Type: application/x-www-form-urlencoded
---------------------------
---- IP: ::1 @ 2025-06-20 16:56:19 ----
Host: localhost
User-Agent: curl/8.12.1
Accept: */*
Content-Length: 74
Content-Type: application/x-www-form-urlencoded
---------------------------
---- IP: ::1 @ 2025-06-20 16:56:19 ----
Host: localhost
User-Agent: curl/8.12.1
Accept: */*
Content-Length: 75
Content-Type: application/x-www-form-urlencoded
---------------------------
---- IP: ::1 @ 2025-06-20 16:56:19 ----
Host: localhost
User-Agent: curl/8.12.1
Accept: */*
Content-Length: 75
Content-Type: application/x-www-form-urlencoded
---------------------------
---- IP: ::1 @ 2025-06-20 16:56:19 ----
Host: localhost
User-Agent: curl/8.12.1
Accept: */*
Content-Length: 75
Content-Type: application/x-www-form-urlencoded
---------------------------
---- IP: ::1 @ 2025-06-20 16:56:19 ----
Host: localhost
User-Agent: curl/8.12.1
Accept: */*
Content-Length: 75
Content-Type: application/x-www-form-urlencoded
---------------------------
---- IP: ::1 @ 2025-06-20 16:56:19 ----
Host: localhost
User-Agent: curl/8.12.1
Accept: */*
Content-Length: 73
Content-Type: application/x-www-form-urlencoded
---------------------------
---- IP: ::1 @ 2025-06-20 16:56:19 ----
Host: localhost
User-Agent: curl/8.12.1
Accept: */*
Content-Length: 74
Content-Type: application/x-www-form-urlencoded
---------------------------
---- IP: ::1 @ 2025-06-20 16:56:19 ----
Host: localhost
User-Agent: curl/8.12.1
Accept: */*
Content-Length: 75
Content-Type: application/x-www-form-urlencoded
---------------------------
---- IP: ::1 @ 2025-06-20 16:56:19 ----
Host: localhost
User-Agent: curl/8.12.1
Accept: */*
Content-Length: 74
Content-Type: application/x-www-form-urlencoded
---------------------------
---- IP: ::1 @ 2025-06-20 16:56:19 ----
Host: localhost
User-Agent: curl/8.12.1
Accept: */*
Content-Length: 75
Content-Type: application/x-www-form-urlencoded
---------------------------
---- IP: ::1 @ 2025-06-20 16:56:19 ----
Host: localhost
User-Agent: curl/8.12.1
Accept: */*
Content-Length: 75
Content-Type: application/x-www-form-urlencoded
---------------------------
---- IP: ::1 @ 2025-06-20 16:56:19 ----
Host: localhost
User-Agent: curl/8.12.1
Accept: */*
Content-Length: 75
Content-Type: application/x-www-form-urlencoded
---------------------------
---- IP: ::1 @ 2025-06-20 16:56:19 ----
Host: localhost
User-Agent: curl/8.12.1
Accept: */*
Content-Length: 75
Content-Type: application/x-www-form-urlencoded
---------------------------
---- IP: ::1 @ 2025-06-20 16:56:19 ----
Host: localhost
User-Agent: curl/8.12.1
Accept: */*
Content-Length: 75
Content-Type: application/x-www-form-urlencoded
---------------------------
---- IP: ::1 @ 2025-06-20 16:56:19 ----
Host: localhost
User-Agent: curl/8.12.1
Accept: */*
Content-Length: 75
Content-Type: application/x-www-form-urlencoded
---------------------------
---- IP: ::1 @ 2025-06-20 16:56:19 ----
Host: localhost
User-Agent: curl/8.12.1
Accept: */*
Content-Length: 75
Content-Type: application/x-www-form-urlencoded
---------------------------
---- IP: ::1 @ 2025-06-20 16:56:19 ----
Host: localhost
User-Agent: curl/8.12.1
Accept: */*
Content-Length: 75
Content-Type: application/x-www-form-urlencoded
---------------------------
---- IP: ::1 @ 2025-06-20 16:56:19 ----
Host: localhost
User-Agent: curl/8.12.1
Accept: */*
Content-Length: 74
Content-Type: application/x-www-form-urlencoded
---------------------------
---- IP: ::1 @ 2025-06-20 16:56:19 ----
Host: localhost
User-Agent: curl/8.12.1
Accept: */*
Content-Length: 75
Content-Type: application/x-www-form-urlencoded
---------------------------
---- IP: ::1 @ 2025-06-20 16:56:19 ----
Host: localhost
User-Agent: curl/8.12.1
Accept: */*
Content-Length: 75
Content-Type: application/x-www-form-urlencoded
---------------------------
---- IP: ::1 @ 2025-06-20 16:56:19 ----
Host: localhost
User-Agent: curl/8.12.1
Accept: */*
Content-Length: 75
Content-Type: application/x-www-form-urlencoded
---------------------------
---- IP: ::1 @ 2025-06-20 16:56:19 ----
Host: localhost
User-Agent: curl/8.12.1
Accept: */*
Content-Length: 75
Content-Type: application/x-www-form-urlencoded
---------------------------
---- IP: ::1 @ 2025-06-20 16:56:19 ----
Host: localhost
User-Agent: curl/8.12.1
Accept: */*
Content-Length: 75
Content-Type: application/x-www-form-urlencoded
---------------------------
---- IP: ::1 @ 2025-06-20 16:56:19 ----
Host: localhost
User-Agent: curl/8.12.1
Accept: */*
Content-Length: 74
Content-Type: application/x-www-form-urlencoded
---------------------------
---- IP: ::1 @ 2025-06-20 16:56:19 ----
Host: localhost
User-Agent: curl/8.12.1
Accept: */*
Content-Length: 75
Content-Type: application/x-www-form-urlencoded
---------------------------
---- IP: ::1 @ 2025-06-20 16:56:19 ----
Host: localhost
User-Agent: curl/8.12.1
Accept: */*
Content-Length: 75
Content-Type: application/x-www-form-urlencoded
---------------------------
---- IP: ::1 @ 2025-06-20 16:56:19 ----
Host: localhost
User-Agent: curl/8.12.1
Accept: */*
Content-Length: 75
Content-Type: application/x-www-form-urlencoded
---------------------------
---- IP: ::1 @ 2025-06-20 16:56:19 ----
Host: localhost
User-Agent: curl/8.12.1
Accept: */*
Content-Length: 73
Content-Type: application/x-www-form-urlencoded
---------------------------
---- IP: ::1 @ 2025-06-20 16:56:19 ----
Host: localhost
User-Agent: curl/8.12.1
Accept: */*
Content-Length: 75
Content-Type: application/x-www-form-urlencoded
---------------------------
---- IP: ::1 @ 2025-06-20 16:56:19 ----
Host: localhost
User-Agent: curl/8.12.1
Accept: */*
Content-Length: 75
Content-Type: application/x-www-form-urlencoded
---------------------------
---- IP: ::1 @ 2025-06-20 16:56:19 ----
Host: localhost
User-Agent: curl/8.12.1
Accept: */*
Content-Length: 75
Content-Type: application/x-www-form-urlencoded
---------------------------
---- IP: ::1 @ 2025-06-20 16:56:19 ----
Host: localhost
User-Agent: curl/8.12.1
Accept: */*
Content-Length: 75
Content-Type: application/x-www-form-urlencoded
---------------------------
---- IP: ::1 @ 2025-06-20 16:56:19 ----
Host: localhost
User-Agent: curl/8.12.1
Accept: */*
Content-Length: 75
Content-Type: application/x-www-form-urlencoded
---------------------------
---- IP: ::1 @ 2025-06-20 16:56:19 ----
Host: localhost
User-Agent: curl/8.12.1
Accept: */*
Content-Length: 75
Content-Type: application/x-www-form-urlencoded
---------------------------
---- IP: ::1 @ 2025-06-20 16:56:19 ----
Host: localhost
User-Agent: curl/8.12.1
Accept: */*
Content-Length: 74
Content-Type: application/x-www-form-urlencoded
---------------------------
---- IP: ::1 @ 2025-06-20 16:56:19 ----
Host: localhost
User-Agent: curl/8.12.1
Accept: */*
Content-Length: 74
Content-Type: application/x-www-form-urlencoded
---------------------------
---- IP: ::1 @ 2025-06-20 16:56:19 ----
Host: localhost
User-Agent: curl/8.12.1
Accept: */*
Content-Length: 75
Content-Type: application/x-www-form-urlencoded
---------------------------
---- IP: ::1 @ 2025-06-20 16:56:19 ----
Host: localhost
User-Agent: curl/8.12.1
Accept: */*
Content-Length: 75
Content-Type: application/x-www-form-urlencoded
---------------------------
---- IP: ::1 @ 2025-06-20 16:56:19 ----
Host: localhost
User-Agent: curl/8.12.1
Accept: */*
Content-Length: 75
Content-Type: application/x-www-form-urlencoded
---------------------------
---- IP: ::1 @ 2025-06-20 16:56:19 ----
Host: localhost
User-Agent: curl/8.12.1
Accept: */*
Content-Length: 75
Content-Type: application/x-www-form-urlencoded
---------------------------
---- IP: ::1 @ 2025-06-20 16:56:19 ----
Host: localhost
User-Agent: curl/8.12.1
Accept: */*
Content-Length: 75
Content-Type: application/x-www-form-urlencoded
---------------------------
---- IP: ::1 @ 2025-06-20 16:56:19 ----
Host: localhost
User-Agent: curl/8.12.1
Accept: */*
Content-Length: 75
Content-Type: application/x-www-form-urlencoded
---------------------------
---- IP: ::1 @ 2025-06-20 16:56:19 ----
Host: localhost
User-Agent: curl/8.12.1
Accept: */*
Content-Length: 75
Content-Type: application/x-www-form-urlencoded
---------------------------
---- IP: ::1 @ 2025-06-20 16:56:19 ----
Host: localhost
User-Agent: curl/8.12.1
Accept: */*
Content-Length: 74
Content-Type: application/x-www-form-urlencoded
---------------------------
---- IP: ::1 @ 2025-06-20 16:56:19 ----
Host: localhost
User-Agent: curl/8.12.1
Accept: */*
Content-Length: 75
Content-Type: application/x-www-form-urlencoded
---------------------------
---- IP: ::1 @ 2025-06-20 16:56:19 ----
Host: localhost
User-Agent: curl/8.12.1
Accept: */*
Content-Length: 75
Content-Type: application/x-www-form-urlencoded
---------------------------
---- IP: ::1 @ 2025-06-20 16:56:19 ----
Host: localhost
User-Agent: curl/8.12.1
Accept: */*
Content-Length: 75
Content-Type: application/x-www-form-urlencoded
---------------------------
---- IP: ::1 @ 2025-06-20 16:56:19 ----
Host: localhost
User-Agent: curl/8.12.1
Accept: */*
Content-Length: 75
Content-Type: application/x-www-form-urlencoded
---------------------------
---- IP: ::1 @ 2025-06-20 16:56:19 ----
Host: localhost
User-Agent: curl/8.12.1
Accept: */*
Content-Length: 75
Content-Type: application/x-www-form-urlencoded
---------------------------
---- IP: ::1 @ 2025-06-20 16:56:19 ----
Host: localhost
User-Agent: curl/8.12.1
Accept: */*
Content-Length: 75
Content-Type: application/x-www-form-urlencoded
---------------------------
---- IP: ::1 @ 2025-06-20 16:56:19 ----
Host: localhost
User-Agent: curl/8.12.1
Accept: */*
Content-Length: 74
Content-Type: application/x-www-form-urlencoded
---------------------------
---- IP: ::1 @ 2025-06-20 16:56:19 ----
Host: localhost
User-Agent: curl/8.12.1
Accept: */*
Content-Length: 74
Content-Type: application/x-www-form-urlencoded
---------------------------
---- IP: ::1 @ 2025-06-20 16:56:19 ----
Host: localhost
User-Agent: curl/8.12.1
Accept: */*
Content-Length: 74
Content-Type: application/x-www-form-urlencoded
---------------------------
---- IP: ::1 @ 2025-06-20 16:56:19 ----
Host: localhost
User-Agent: curl/8.12.1
Accept: */*
Content-Length: 74
Content-Type: application/x-www-form-urlencoded
---------------------------
---- IP: ::1 @ 2025-06-20 16:56:19 ----
Host: localhost
User-Agent: curl/8.12.1
Accept: */*
Content-Length: 75
Content-Type: application/x-www-form-urlencoded
---------------------------
---- IP: ::1 @ 2025-06-20 16:56:19 ----
Host: localhost
User-Agent: curl/8.12.1
Accept: */*
Content-Length: 75
Content-Type: application/x-www-form-urlencoded
---------------------------
---- IP: ::1 @ 2025-06-20 16:56:19 ----
Host: localhost
User-Agent: curl/8.12.1
Accept: */*
Content-Length: 75
Content-Type: application/x-www-form-urlencoded
---------------------------
---- IP: ::1 @ 2025-06-20 16:56:19 ----
Host: localhost
User-Agent: curl/8.12.1
Accept: */*
Content-Length: 75
Content-Type: application/x-www-form-urlencoded
---------------------------
---- IP: ::1 @ 2025-06-20 16:56:19 ----
Host: localhost
User-Agent: curl/8.12.1
Accept: */*
Content-Length: 75
Content-Type: application/x-www-form-urlencoded
---------------------------
---- IP: ::1 @ 2025-06-20 16:56:19 ----
Host: localhost
User-Agent: curl/8.12.1
Accept: */*
Content-Length: 75
Content-Type: application/x-www-form-urlencoded
---------------------------
---- IP: ::1 @ 2025-06-20 16:56:19 ----
Host: localhost
User-Agent: curl/8.12.1
Accept: */*
Content-Length: 75
Content-Type: application/x-www-form-urlencoded
---------------------------
---- IP: ::1 @ 2025-06-20 16:56:19 ----
Host: localhost
User-Agent: curl/8.12.1
Accept: */*
Content-Length: 75
Content-Type: application/x-www-form-urlencoded
---------------------------
---- IP: ::1 @ 2025-06-20 16:56:19 ----
Host: localhost
User-Agent: curl/8.12.1
Accept: */*
Content-Length: 73
Content-Type: application/x-www-form-urlencoded
---------------------------
---- IP: ::1 @ 2025-06-20 16:56:19 ----
Host: localhost
User-Agent: curl/8.12.1
Accept: */*
Content-Length: 75
Content-Type: application/x-www-form-urlencoded
---------------------------
---- IP: ::1 @ 2025-06-20 16:56:19 ----
Host: localhost
User-Agent: curl/8.12.1
Accept: */*
Content-Length: 75
Content-Type: application/x-www-form-urlencoded
---------------------------
---- IP: ::1 @ 2025-06-20 16:56:19 ----
Host: localhost
User-Agent: curl/8.12.1
Accept: */*
Content-Length: 75
Content-Type: application/x-www-form-urlencoded
---------------------------
---- IP: ::1 @ 2025-06-20 16:58:54 ----
User-Agent: PostmanRuntime/7.44.1
Accept: */*
Postman-Token: adb71578-97d9-43b4-8fcb-ab8c6b554ab0
Host: localhost
Accept-Encoding: gzip, deflate, br
Connection: keep-alive
Content-Type: application/x-www-form-urlencoded
Content-Length: 65
---------------------------
---- IP: ::1 @ 2025-06-20 16:58:56 ----
User-Agent: PostmanRuntime/7.44.1
Accept: */*
Postman-Token: 041009f7-6479-4c03-9e80-99a07aab6c17
Host: localhost
Accept-Encoding: gzip, deflate, br
Connection: keep-alive
Content-Type: application/x-www-form-urlencoded
Content-Length: 65
---------------------------
---- IP: ::1 @ 2025-06-20 16:58:57 ----
User-Agent: PostmanRuntime/7.44.1
Accept: */*
Postman-Token: 82001012-37a5-4e16-a084-2d77a79cc68e
Host: localhost
Accept-Encoding: gzip, deflate, br
Connection: keep-alive
Content-Type: application/x-www-form-urlencoded
Content-Length: 65
---------------------------
---- IP: 192.168.194.237 @ 2025-06-20 17:00:09 ----
Content-Length: 70
Content-Type: application/x-www-form-urlencoded
User-Agent: Dalvik/2.1.0 (Linux; U; Android 9; ASUS_Z01QD Build/PPR1.180720.122)
Host: 192.168.194.237
Connection: Keep-Alive
Accept-Encoding: gzip
---------------------------
---- IP: 192.168.194.237 @ 2025-06-20 17:00:35 ----
Content-Length: 70
Content-Type: application/x-www-form-urlencoded
User-Agent: Dalvik/2.1.0 (Linux; U; Android 9; ASUS_Z01QD Build/PPR1.180720.122)
Host: 192.168.194.237
Connection: Keep-Alive
Accept-Encoding: gzip
---------------------------
---- IP: 192.168.194.237 @ 2025-06-20 17:01:02 ----
Content-Length: 70
Content-Type: application/x-www-form-urlencoded
User-Agent: Dalvik/2.1.0 (Linux; U; Android 9; ASUS_Z01QD Build/PPR1.180720.122)
Host: 192.168.194.237
Connection: Keep-Alive
Accept-Encoding: gzip
---------------------------
---- IP: 172.30.247.183 @ 2025-07-14 17:00:35 ----
Host: 172.30.247.183
Connection: keep-alive
Cache-Control: max-age=0
Upgrade-Insecure-Requests: 1
User-Agent: Mozilla/5.0 (Windows NT 10.0; Win64; x64) AppleWebKit/537.36 (KHTML, like Gecko) Chrome/138.0.0.0 Safari/537.36
Accept: text/html,application/xhtml+xml,application/xml;q=0.9,image/avif,image/webp,image/apng,*/*;q=0.8,application/signed-exchange;v=b3;q=0.7
Accept-Encoding: gzip, deflate
Accept-Language: en-US,en;q=0.9
---------------------------
---- IP: 172.30.247.116 @ 2025-07-14 17:00:43 ----
Content-Length: 70
Content-Type: application/x-www-form-urlencoded
User-Agent: Dalvik/2.1.0 (Linux; U; Android 13; RMX3461 Build/TP1A.220905.001)
Host: 172.30.247.183
Connection: Keep-Alive
Accept-Encoding: gzip
---------------------------
---- IP: 172.30.247.116 @ 2025-07-14 18:00:20 ----
Content-Length: 70
Content-Type: application/x-www-form-urlencoded
User-Agent: Dalvik/2.1.0 (Linux; U; Android 13; RMX3461 Build/TP1A.220905.001)
Host: 172.30.247.183
Connection: Keep-Alive
Accept-Encoding: gzip
---------------------------
---- IP: 172.30.247.116 @ 2025-07-14 18:01:13 ----
Content-Length: 70
Content-Type: application/x-www-form-urlencoded
User-Agent: Dalvik/2.1.0 (Linux; U; Android 13; RMX3461 Build/TP1A.220905.001)
Host: 172.30.247.183
Connection: Keep-Alive
Accept-Encoding: gzip
---------------------------
---- IP: 172.30.247.116 @ 2025-07-14 18:04:54 ----
Content-Length: 70
Content-Type: application/x-www-form-urlencoded
User-Agent: Dalvik/2.1.0 (Linux; U; Android 13; RMX3461 Build/TP1A.220905.001)
Host: 172.30.247.183
Connection: Keep-Alive
Accept-Encoding: gzip
---------------------------
---- IP: 172.30.247.116 @ 2025-07-14 19:54:43 ----
Content-Length: 70
Content-Type: application/x-www-form-urlencoded
User-Agent: Dalvik/2.1.0 (Linux; U; Android 13; RMX3461 Build/TP1A.220905.001)
Host: 172.30.247.95
Connection: Keep-Alive
Accept-Encoding: gzip
---------------------------
---- IP: 172.30.247.183 @ 2025-07-15 15:20:35 ----
Content-Length: 70
Content-Type: application/x-www-form-urlencoded
User-Agent: Dalvik/2.1.0 (Linux; U; Android 9; ASUS_Z01QD Build/PPR1.180720.122)
Host: 172.30.247.183
Connection: Keep-Alive
Accept-Encoding: gzip
---------------------------
---- IP: 172.30.247.183 @ 2025-07-15 15:20:45 ----
Content-Length: 70
Content-Type: application/x-www-form-urlencoded
User-Agent: Dalvik/2.1.0 (Linux; U; Android 9; ASUS_Z01QD Build/PPR1.180720.122)
Host: 172.30.247.183
Connection: Keep-Alive
Accept-Encoding: gzip
---------------------------
---- IP: 172.30.247.183 @ 2025-07-15 18:31:01 ----
Content-Length: 70
Content-Type: application/x-www-form-urlencoded
User-Agent: Dalvik/2.1.0 (Linux; U; Android 9; ASUS_Z01QD Build/PPR1.180720.122)
Host: 172.30.247.183
Connection: Keep-Alive
Accept-Encoding: gzip
---------------------------
---- IP: 172.30.247.183 @ 2025-07-15 18:35:04 ----
Content-Length: 70
Content-Type: application/x-www-form-urlencoded
User-Agent: Dalvik/2.1.0 (Linux; U; Android 9; ASUS_Z01QD Build/PPR1.180720.122)
Host: 172.30.247.183
Connection: Keep-Alive
Accept-Encoding: gzip
---------------------------
---- IP: 172.30.247.183 @ 2025-07-15 18:46:07 ----
Content-Length: 70
Content-Type: application/x-www-form-urlencoded
User-Agent: Dalvik/2.1.0 (Linux; U; Android 9; ASUS_Z01QD Build/PPR1.180720.122)
Host: 172.30.247.183
Connection: Keep-Alive
Accept-Encoding: gzip
---------------------------
---- IP: 172.30.247.183 @ 2025-07-15 18:49:06 ----
Content-Length: 70
Content-Type: application/x-www-form-urlencoded
User-Agent: Dalvik/2.1.0 (Linux; U; Android 9; ASUS_Z01QD Build/PPR1.180720.122)
Host: 172.30.247.183
Connection: Keep-Alive
Accept-Encoding: gzip
---------------------------
---- IP: 172.30.247.183 @ 2025-07-15 18:49:19 ----
Content-Length: 70
Content-Type: application/x-www-form-urlencoded
User-Agent: Dalvik/2.1.0 (Linux; U; Android 9; ASUS_Z01QD Build/PPR1.180720.122)
Host: 172.30.247.183
Connection: Keep-Alive
Accept-Encoding: gzip
---------------------------
---- IP: 172.30.247.183 @ 2025-07-15 18:49:58 ----
Content-Length: 70
Content-Type: application/x-www-form-urlencoded
User-Agent: Dalvik/2.1.0 (Linux; U; Android 9; ASUS_Z01QD Build/PPR1.180720.122)
Host: 172.30.247.183
Connection: Keep-Alive
Accept-Encoding: gzip
---------------------------
